<?xml version="1.0" encoding="UTF-8"?>
<!-- Generated by org.testng.reporters.JUnitReportReporter -->
<testsuite skipped="0" hostname="RZC0111-L" name="liberty.AutoTest" tests="6" failures="0" timestamp="16 Jul 2019 07:59:08 GMT" time="164.349" errors="0">
  <testcase name="IRNFlow" time="12.201" classname="liberty.AutoTest"/>
  <testcase name="CashMIFlow" time="0.452" classname="liberty.AutoTest"/>
  <testcase name="CRNFlow" time="63.637" classname="liberty.AutoTest"/>
  <testcase name="IRSFlow" time="70.385" classname="liberty.AutoTest"/>
  <testcase name="EQFUTFlow" time="5.559" classname="liberty.AutoTest"/>
  <testcase name="ELNFlow" time="12.115" classname="liberty.AutoTest"/>
</testsuite> <!-- liberty.AutoTest -->
